2022-02-18 02:05:44.053  INFO 12224 --- [restartedMain] t.g.spring.GlobeBusinessApplication      : Starting GlobeBusinessApplication using Java 11.0.11 on LAPTOP-4VLF6CIB with PID 12224 (C:\Users\Fedy\Desktop\GlobeBusiness\target\classes started by Fedy in C:\Users\Fedy\Desktop\GlobeBusiness)
2022-02-18 02:05:44.054  INFO 12224 --- [restartedMain] t.g.spring.GlobeBusinessApplication      : No active profile set, falling back to default profiles: default
2022-02-18 02:05:44.105  INFO 12224 --- [restartedMain] .e.DevToolsPropertyDefaultsPostProcessor : Devtools property defaults active! Set 'spring.devtools.add-properties' to 'false' to disable
2022-02-18 02:05:44.106  INFO 12224 --- [restartedMain] .e.DevToolsPropertyDefaultsPostProcessor : For additional web related logging consider setting the 'logging.level.web' property to 'DEBUG'
2022-02-18 02:05:44.975  INFO 12224 --- [restartedMain] .s.d.r.c.RepositoryConfigurationDelegate : Bootstrapping Spring Data JPA repositories in DEFAULT mode.
2022-02-18 02:05:44.990  INFO 12224 --- [restartedMain] .s.d.r.c.RepositoryConfigurationDelegate : Finished Spring Data repository scanning in 6 ms. Found 0 JPA repository interfaces.
2022-02-18 02:05:45.566  INFO 12224 --- [restartedMain] o.s.b.w.embedded.tomcat.TomcatWebServer  : Tomcat initialized with port(s): 8082 (http)
2022-02-18 02:05:45.578  INFO 12224 --- [restartedMain] o.apache.catalina.core.StandardService   : Starting service [Tomcat]
2022-02-18 02:05:45.579  INFO 12224 --- [restartedMain] org.apache.catalina.core.StandardEngine  : Starting Servlet engine: [Apache Tomcat/9.0.56]
2022-02-18 02:05:45.654  INFO 12224 --- [restartedMain] o.a.c.c.C.[.[localhost].[/SpringMVC]     : Initializing Spring embedded WebApplicationContext
2022-02-18 02:05:45.654  INFO 12224 --- [restartedMain] w.s.c.ServletWebServerApplicationContext : Root WebApplicationContext: initialization completed in 1548 ms
2022-02-18 02:05:45.896  INFO 12224 --- [restartedMain] o.hibernate.jpa.internal.util.LogHelper  : HHH000204: Processing PersistenceUnitInfo [name: default]
2022-02-18 02:05:46.003  INFO 12224 --- [restartedMain] org.hibernate.Version                    : HHH000412: Hibernate ORM core version 5.4.33
2022-02-18 02:05:46.281  INFO 12224 --- [restartedMain] o.hibernate.annotations.common.Version   : HCANN000001: Hibernate Commons Annotations {5.1.2.Final}
2022-02-18 02:05:46.386  INFO 12224 --- [restartedMain] com.zaxxer.hikari.HikariDataSource       : HikariPool-1 - Starting...
2022-02-18 02:05:46.555  INFO 12224 --- [restartedMain] com.zaxxer.hikari.HikariDataSource       : HikariPool-1 - Start completed.
2022-02-18 02:05:46.570  INFO 12224 --- [restartedMain] org.hibernate.dialect.Dialect            : HHH000400: Using dialect: org.hibernate.dialect.MySQL5Dialect
2022-02-18 02:05:47.172  INFO 12224 --- [restartedMain] o.h.e.t.j.p.i.JtaPlatformInitiator       : HHH000490: Using JtaPlatform implementation: [org.hibernate.engine.transaction.jta.platform.internal.NoJtaPlatform]
2022-02-18 02:05:47.179  INFO 12224 --- [restartedMain] j.LocalContainerEntityManagerFactoryBean : Initialized JPA EntityManagerFactory for persistence unit 'default'
2022-02-18 02:05:47.224  WARN 12224 --- [restartedMain] JpaBaseConfiguration$JpaWebConfiguration : spring.jpa.open-in-view is enabled by default. Therefore, database queries may be performed during view rendering. Explicitly configure spring.jpa.open-in-view to disable this warning
2022-02-18 02:05:47.534  INFO 12224 --- [restartedMain] o.s.b.d.a.OptionalLiveReloadServer       : LiveReload server is running on port 35729
2022-02-18 02:05:47.569  INFO 12224 --- [restartedMain] o.s.b.w.embedded.tomcat.TomcatWebServer  : Tomcat started on port(s): 8082 (http) with context path '/SpringMVC'
2022-02-18 02:05:47.579  INFO 12224 --- [restartedMain] t.g.spring.GlobeBusinessApplication      : Started GlobeBusinessApplication in 4.039 seconds (JVM running for 6.352)
2022-02-18 02:12:36.636  INFO 12224 --- [SpringApplicationShutdownHook] j.LocalContainerEntityManagerFactoryBean : Closing JPA EntityManagerFactory for persistence unit 'default'
2022-02-18 02:12:36.640  INFO 12224 --- [SpringApplicationShutdownHook] com.zaxxer.hikari.HikariDataSource       : HikariPool-1 - Shutdown initiated...
2022-02-18 02:12:36.651  INFO 12224 --- [SpringApplicationShutdownHook] com.zaxxer.hikari.HikariDataSource       : HikariPool-1 - Shutdown completed.
